current directory: /Users/bradleyfindeis/Documents/projects/battle_of_books_api/gems/json-2.18.0/ext/json/ext/parser
/Users/bradleyfindeis/.rbenv/versions/3.4.6/bin/ruby extconf.rb
checking for rb_enc_interned_str() in ruby/encoding.h... yes
checking for rb_str_to_interned_str() in ruby.h... yes
checking for rb_hash_new_capa() in ruby.h... yes
checking for rb_hash_bulk_insert() in ruby.h... yes
checking for whether -std=c99 is accepted as CFLAGS... yes
checking for arm_neon.h... yes
checking for cpuid.h... no
creating Makefile

current directory: /Users/bradleyfindeis/Documents/projects/battle_of_books_api/gems/json-2.18.0/ext/json/ext/parser
make DESTDIR\= sitearchdir\=./.gem.20260202-46914-2aeabd sitelibdir\=./.gem.20260202-46914-2aeabd clean

current directory: /Users/bradleyfindeis/Documents/projects/battle_of_books_api/gems/json-2.18.0/ext/json/ext/parser
make DESTDIR\= sitearchdir\=./.gem.20260202-46914-2aeabd sitelibdir\=./.gem.20260202-46914-2aeabd
compiling parser.c
linking shared-object json/ext/parser.bundle

current directory: /Users/bradleyfindeis/Documents/projects/battle_of_books_api/gems/json-2.18.0/ext/json/ext/parser
make DESTDIR\= sitearchdir\=./.gem.20260202-46914-2aeabd sitelibdir\=./.gem.20260202-46914-2aeabd install
/opt/homebrew/bin/ginstall -c -m 0755 parser.bundle ./.gem.20260202-46914-2aeabd/json/ext

current directory: /Users/bradleyfindeis/Documents/projects/battle_of_books_api/gems/json-2.18.0/ext/json/ext/parser
make DESTDIR\= sitearchdir\=./.gem.20260202-46914-2aeabd sitelibdir\=./.gem.20260202-46914-2aeabd clean
