current directory: /Users/bradleyfindeis/Documents/projects/battle_of_books_api/gems/io-console-0.8.2/ext/io/console
/Users/bradleyfindeis/.rbenv/versions/3.4.6/bin/ruby extconf.rb
checking for rb_syserr_fail_str(0, Qnil)... yes
checking for rb_interned_str_cstr()... yes
checking for rb_io_path() in ruby/io.h... yes
checking for rb_io_descriptor() in ruby/io.h... yes
checking for rb_io_get_write_io() in ruby/io.h... yes
checking for rb_io_closed_p() in ruby/io.h... yes
checking for rb_io_open_descriptor() in ruby/io.h... yes
checking for rb_ractor_local_storage_value_newkey()... yes
checking for termios.h... yes
checking for cfmakeraw() in termios.h... yes
checking for sys/ioctl.h... yes
checking for HAVE_RUBY_FIBER_SCHEDULER_H... yes
checking for ttyname_r()... yes
creating Makefile

current directory: /Users/bradleyfindeis/Documents/projects/battle_of_books_api/gems/io-console-0.8.2/ext/io/console
make DESTDIR\= sitearchdir\=./.gem.20260202-46914-3h1qak sitelibdir\=./.gem.20260202-46914-3h1qak clean

current directory: /Users/bradleyfindeis/Documents/projects/battle_of_books_api/gems/io-console-0.8.2/ext/io/console
make DESTDIR\= sitearchdir\=./.gem.20260202-46914-3h1qak sitelibdir\=./.gem.20260202-46914-3h1qak
compiling console.c
linking shared-object io/console.bundle

current directory: /Users/bradleyfindeis/Documents/projects/battle_of_books_api/gems/io-console-0.8.2/ext/io/console
make DESTDIR\= sitearchdir\=./.gem.20260202-46914-3h1qak sitelibdir\=./.gem.20260202-46914-3h1qak install
/opt/homebrew/bin/ginstall -c -m 0755 console.bundle ./.gem.20260202-46914-3h1qak/io

current directory: /Users/bradleyfindeis/Documents/projects/battle_of_books_api/gems/io-console-0.8.2/ext/io/console
make DESTDIR\= sitearchdir\=./.gem.20260202-46914-3h1qak sitelibdir\=./.gem.20260202-46914-3h1qak clean
