current directory: /Users/bradleyfindeis/Documents/projects/battle_of_books_api/gems/ed25519-1.4.0/ext/ed25519_ref10
/Users/bradleyfindeis/.rbenv/versions/3.4.6/bin/ruby extconf.rb
checking for whether -Wall is accepted as CFLAGS... yes
checking for whether -O3 is accepted as CFLAGS... yes
checking for whether -pedantic is accepted as CFLAGS... no
checking for whether -std=c99 is accepted as CFLAGS... yes
creating Makefile

current directory: /Users/bradleyfindeis/Documents/projects/battle_of_books_api/gems/ed25519-1.4.0/ext/ed25519_ref10
make DESTDIR\= sitearchdir\=./.gem.20260202-46914-4gyt5o sitelibdir\=./.gem.20260202-46914-4gyt5o clean

current directory: /Users/bradleyfindeis/Documents/projects/battle_of_books_api/gems/ed25519-1.4.0/ext/ed25519_ref10
make DESTDIR\= sitearchdir\=./.gem.20260202-46914-4gyt5o sitelibdir\=./.gem.20260202-46914-4gyt5o
compiling ed25519_ref10.c
compiling fe.c
compiling ge.c
compiling keypair.c
compiling open.c
compiling sc_muladd.c
compiling sc_reduce.c
compiling sha512.c
compiling sign.c
compiling verify.c
linking shared-object ed25519_ref10.bundle

current directory: /Users/bradleyfindeis/Documents/projects/battle_of_books_api/gems/ed25519-1.4.0/ext/ed25519_ref10
make DESTDIR\= sitearchdir\=./.gem.20260202-46914-4gyt5o sitelibdir\=./.gem.20260202-46914-4gyt5o install
/opt/homebrew/bin/ginstall -c -m 0755 ed25519_ref10.bundle ./.gem.20260202-46914-4gyt5o

current directory: /Users/bradleyfindeis/Documents/projects/battle_of_books_api/gems/ed25519-1.4.0/ext/ed25519_ref10
make DESTDIR\= sitearchdir\=./.gem.20260202-46914-4gyt5o sitelibdir\=./.gem.20260202-46914-4gyt5o clean
