current directory: /Users/bradleyfindeis/Documents/projects/battle_of_books_api/gems/date-3.5.1/ext/date
/Users/bradleyfindeis/.rbenv/versions/3.4.6/bin/ruby extconf.rb
checking for rb_category_warn()... yes
checking for timezone in time.h with -Werror... yes
checking for altzone in time.h with -Werror... no
creating Makefile

current directory: /Users/bradleyfindeis/Documents/projects/battle_of_books_api/gems/date-3.5.1/ext/date
make DESTDIR\= sitearchdir\=./.gem.20260202-46914-grwgv4 sitelibdir\=./.gem.20260202-46914-grwgv4 clean

current directory: /Users/bradleyfindeis/Documents/projects/battle_of_books_api/gems/date-3.5.1/ext/date
make DESTDIR\= sitearchdir\=./.gem.20260202-46914-grwgv4 sitelibdir\=./.gem.20260202-46914-grwgv4
compiling date_core.c
compiling date_parse.c
compiling date_strftime.c
compiling date_strptime.c
linking shared-object date_core.bundle

current directory: /Users/bradleyfindeis/Documents/projects/battle_of_books_api/gems/date-3.5.1/ext/date
make DESTDIR\= sitearchdir\=./.gem.20260202-46914-grwgv4 sitelibdir\=./.gem.20260202-46914-grwgv4 install
/opt/homebrew/bin/ginstall -c -m 0755 date_core.bundle ./.gem.20260202-46914-grwgv4

current directory: /Users/bradleyfindeis/Documents/projects/battle_of_books_api/gems/date-3.5.1/ext/date
make DESTDIR\= sitearchdir\=./.gem.20260202-46914-grwgv4 sitelibdir\=./.gem.20260202-46914-grwgv4 clean
